23-Aug-2018 02:06:06.908 정보 [main] org.apache.catalina.startup.VersionLoggerListener.log Server version:        Apache Tomcat/9.0.11
23-Aug-2018 02:06:06.913 정보 [main] org.apache.catalina.startup.VersionLoggerListener.log Server built:          Aug 11 2018 19:47:23 UTC
23-Aug-2018 02:06:06.913 정보 [main] org.apache.catalina.startup.VersionLoggerListener.log Server number:         9.0.11.0
23-Aug-2018 02:06:06.913 정보 [main] org.apache.catalina.startup.VersionLoggerListener.log OS Name:               Windows 7
23-Aug-2018 02:06:06.914 정보 [main] org.apache.catalina.startup.VersionLoggerListener.log OS Version:            6.1
23-Aug-2018 02:06:06.914 정보 [main] org.apache.catalina.startup.VersionLoggerListener.log Architecture:          amd64
23-Aug-2018 02:06:06.914 정보 [main] org.apache.catalina.startup.VersionLoggerListener.log Java Home:             C:\Program Files\Java\jre-10.0.2
23-Aug-2018 02:06:06.914 정보 [main] org.apache.catalina.startup.VersionLoggerListener.log JVM Version:           10.0.2+13
23-Aug-2018 02:06:06.914 정보 [main] org.apache.catalina.startup.VersionLoggerListener.log JVM Vendor:            "Oracle Corporation"
23-Aug-2018 02:06:06.914 정보 [main] org.apache.catalina.startup.VersionLoggerListener.log CATALINA_BASE:         E:\JSP\Tomcat 9.0
23-Aug-2018 02:06:06.914 정보 [main] org.apache.catalina.startup.VersionLoggerListener.log CATALINA_HOME:         E:\JSP\Tomcat 9.0
23-Aug-2018 02:06:06.916 정보 [main] org.apache.catalina.startup.VersionLoggerListener.log Command line argument: -Dcatalina.home=E:\JSP\Tomcat 9.0
23-Aug-2018 02:06:06.917 정보 [main] org.apache.catalina.startup.VersionLoggerListener.log Command line argument: -Dcatalina.base=E:\JSP\Tomcat 9.0
23-Aug-2018 02:06:06.917 정보 [main] org.apache.catalina.startup.VersionLoggerListener.log Command line argument: -Djava.io.tmpdir=E:\JSP\Tomcat 9.0\temp
23-Aug-2018 02:06:06.917 정보 [main] org.apache.catalina.startup.VersionLoggerListener.log Command line argument: -Djava.util.logging.manager=org.apache.juli.ClassLoaderLogManager
23-Aug-2018 02:06:06.917 정보 [main] org.apache.catalina.startup.VersionLoggerListener.log Command line argument: -Djava.util.logging.config.file=E:\JSP\Tomcat 9.0\conf\logging.properties
23-Aug-2018 02:06:06.917 정보 [main] org.apache.catalina.startup.VersionLoggerListener.log Command line argument: --add-opens=java.base/java.lang=ALL-UNNAMED
23-Aug-2018 02:06:06.917 정보 [main] org.apache.catalina.startup.VersionLoggerListener.log Command line argument: --add-opens=java.base/java.io=ALL-UNNAMED
23-Aug-2018 02:06:06.917 정보 [main] org.apache.catalina.startup.VersionLoggerListener.log Command line argument: --add-opens=java.rmi/sun.rmi.transport=ALL-UNNAMED
23-Aug-2018 02:06:06.918 정보 [main] org.apache.catalina.startup.VersionLoggerListener.log Command line argument: exit
23-Aug-2018 02:06:06.918 정보 [main] org.apache.catalina.startup.VersionLoggerListener.log Command line argument: abort
23-Aug-2018 02:06:06.918 정보 [main] org.apache.catalina.startup.VersionLoggerListener.log Command line argument: -Xms128m
23-Aug-2018 02:06:06.918 정보 [main] org.apache.catalina.startup.VersionLoggerListener.log Command line argument: -Xmx256m
23-Aug-2018 02:06:06.918 정보 [main] org.apache.catalina.core.AprLifecycleListener.lifecycleEvent The APR based Apache Tomcat Native library which allows optimal performance in production environments was not found on the java.library.path: [E:\JSP\Tomcat 9.0\bin;C:\Windows\Sun\Java\bin;C:\Windows\system32;C:\Windows;C:\ProgramData\Oracle\Java\javapath;C:\Program Files (x86)\NVIDIA Corporation\PhysX\Common;C:\Program Files (x86)\Intel\iCLS Client\;C:\Program Files\Intel\iCLS Client\;C:\Windows\system32;C:\Windows;C:\Windows\System32\Wbem;C:\Windows\System32\WindowsPowerShell\v1.0\;C:\Program Files\Intel\Intel(R) Management Engine Components\DAL;C:\Program Files (x86)\Intel\Intel(R) Management Engine Components\DAL;C:\Program Files\Intel\Intel(R) Management Engine Components\IPT;C:\Program Files (x86)\Intel\Intel(R) Management Engine Components\IPT;c:\Program Files (x86)\Microsoft SQL Server\100\Tools\Binn\;c:\Program Files\Microsoft SQL Server\100\Tools\Binn\;c:\Program Files\Microsoft SQL Server\100\DTS\Binn\;C:\Program Files (x86)\Common Files\Oracle\Java\javapath;.]
23-Aug-2018 02:06:06.957 정보 [main] org.apache.coyote.AbstractProtocol.init Initializing ProtocolHandler ["http-nio-8080"]
23-Aug-2018 02:06:07.162 정보 [main] org.apache.tomcat.util.net.NioSelectorPool.getSharedSelector Using a shared selector for servlet write/read
23-Aug-2018 02:06:07.168 정보 [main] org.apache.coyote.AbstractProtocol.init Initializing ProtocolHandler ["ajp-nio-8009"]
23-Aug-2018 02:06:07.171 정보 [main] org.apache.tomcat.util.net.NioSelectorPool.getSharedSelector Using a shared selector for servlet write/read
23-Aug-2018 02:06:07.172 정보 [main] org.apache.catalina.startup.Catalina.load Initialization processed in 675 ms
23-Aug-2018 02:06:07.232 정보 [main] org.apache.catalina.core.StandardService.startInternal Starting service [Catalina]
23-Aug-2018 02:06:07.232 정보 [main] org.apache.catalina.core.StandardEngine.startInternal Starting Servlet Engine: Apache Tomcat/9.0.11
23-Aug-2018 02:06:07.281 정보 [main] org.apache.catalina.startup.HostConfig.deployDirectory Deploying web application directory [E:\JSP\Tomcat 9.0\webapps\docs]
23-Aug-2018 02:06:07.698 경고 [main] org.apache.catalina.util.SessionIdGeneratorBase.createSecureRandom Creation of SecureRandom instance for session ID generation using [SHA1PRNG] took [148] milliseconds.
23-Aug-2018 02:06:07.716 정보 [main] org.apache.catalina.startup.HostConfig.deployDirectory Deployment of web application directory [E:\JSP\Tomcat 9.0\webapps\docs] has finished in [435] ms
23-Aug-2018 02:06:07.717 정보 [main] org.apache.catalina.startup.HostConfig.deployDirectory Deploying web application directory [E:\JSP\Tomcat 9.0\webapps\manager]
23-Aug-2018 02:06:07.750 정보 [main] org.apache.catalina.startup.HostConfig.deployDirectory Deployment of web application directory [E:\JSP\Tomcat 9.0\webapps\manager] has finished in [33] ms
23-Aug-2018 02:06:07.751 정보 [main] org.apache.catalina.startup.HostConfig.deployDirectory Deploying web application directory [E:\JSP\Tomcat 9.0\webapps\ROOT]
23-Aug-2018 02:06:07.770 정보 [main] org.apache.catalina.startup.HostConfig.deployDirectory Deployment of web application directory [E:\JSP\Tomcat 9.0\webapps\ROOT] has finished in [20] ms
23-Aug-2018 02:06:07.772 정보 [main] org.apache.coyote.AbstractProtocol.start Starting ProtocolHandler ["http-nio-8080"]
23-Aug-2018 02:06:07.784 정보 [main] org.apache.coyote.AbstractProtocol.start Starting ProtocolHandler ["ajp-nio-8009"]
23-Aug-2018 02:06:07.790 정보 [main] org.apache.catalina.startup.Catalina.start Server startup in 618 ms
23-Aug-2018 02:07:28.076 정보 [Thread-5] org.apache.coyote.AbstractProtocol.pause Pausing ProtocolHandler ["http-nio-8080"]
23-Aug-2018 02:07:28.232 정보 [Thread-5] org.apache.coyote.AbstractProtocol.pause Pausing ProtocolHandler ["ajp-nio-8009"]
23-Aug-2018 02:07:28.373 정보 [Thread-5] org.apache.catalina.core.StandardService.stopInternal Stopping service [Catalina]
23-Aug-2018 02:07:28.388 정보 [Thread-5] org.apache.coyote.AbstractProtocol.stop Stopping ProtocolHandler ["http-nio-8080"]
23-Aug-2018 02:07:28.388 정보 [Thread-5] org.apache.coyote.AbstractProtocol.stop Stopping ProtocolHandler ["ajp-nio-8009"]
