
2018-08-26 23:40:39 Commons Daemon procrun stderr initialized
26-Aug-2018 23:40:40.437 정보 [main] org.apache.catalina.startup.VersionLoggerListener.log Server version:        Apache Tomcat/9.0.11
26-Aug-2018 23:40:40.442 정보 [main] org.apache.catalina.startup.VersionLoggerListener.log Server built:          Aug 11 2018 19:47:23 UTC
26-Aug-2018 23:40:40.442 정보 [main] org.apache.catalina.startup.VersionLoggerListener.log Server number:         9.0.11.0
26-Aug-2018 23:40:40.442 정보 [main] org.apache.catalina.startup.VersionLoggerListener.log OS Name:               Windows 7
26-Aug-2018 23:40:40.442 정보 [main] org.apache.catalina.startup.VersionLoggerListener.log OS Version:            6.1
26-Aug-2018 23:40:40.443 정보 [main] org.apache.catalina.startup.VersionLoggerListener.log Architecture:          amd64
26-Aug-2018 23:40:40.443 정보 [main] org.apache.catalina.startup.VersionLoggerListener.log Java Home:             C:\Program Files\Java\jre-10.0.2
26-Aug-2018 23:40:40.443 정보 [main] org.apache.catalina.startup.VersionLoggerListener.log JVM Version:           10.0.2+13
26-Aug-2018 23:40:40.443 정보 [main] org.apache.catalina.startup.VersionLoggerListener.log JVM Vendor:            "Oracle Corporation"
26-Aug-2018 23:40:40.444 정보 [main] org.apache.catalina.startup.VersionLoggerListener.log CATALINA_BASE:         E:\JSP\Tomcat 9.0
26-Aug-2018 23:40:40.444 정보 [main] org.apache.catalina.startup.VersionLoggerListener.log CATALINA_HOME:         E:\JSP\Tomcat 9.0
26-Aug-2018 23:40:40.445 정보 [main] org.apache.catalina.startup.VersionLoggerListener.log Command line argument: -Dcatalina.home=E:\JSP\Tomcat 9.0
26-Aug-2018 23:40:40.446 정보 [main] org.apache.catalina.startup.VersionLoggerListener.log Command line argument: -Dcatalina.base=E:\JSP\Tomcat 9.0
26-Aug-2018 23:40:40.446 정보 [main] org.apache.catalina.startup.VersionLoggerListener.log Command line argument: -Djava.io.tmpdir=E:\JSP\Tomcat 9.0\temp
26-Aug-2018 23:40:40.446 정보 [main] org.apache.catalina.startup.VersionLoggerListener.log Command line argument: -Djava.util.logging.manager=org.apache.juli.ClassLoaderLogManager
26-Aug-2018 23:40:40.447 정보 [main] org.apache.catalina.startup.VersionLoggerListener.log Command line argument: -Djava.util.logging.config.file=E:\JSP\Tomcat 9.0\conf\logging.properties
26-Aug-2018 23:40:40.447 정보 [main] org.apache.catalina.startup.VersionLoggerListener.log Command line argument: --add-opens=java.base/java.lang=ALL-UNNAMED
26-Aug-2018 23:40:40.447 정보 [main] org.apache.catalina.startup.VersionLoggerListener.log Command line argument: --add-opens=java.base/java.io=ALL-UNNAMED
26-Aug-2018 23:40:40.447 정보 [main] org.apache.catalina.startup.VersionLoggerListener.log Command line argument: --add-opens=java.rmi/sun.rmi.transport=ALL-UNNAMED
26-Aug-2018 23:40:40.447 정보 [main] org.apache.catalina.startup.VersionLoggerListener.log Command line argument: exit
26-Aug-2018 23:40:40.447 정보 [main] org.apache.catalina.startup.VersionLoggerListener.log Command line argument: abort
26-Aug-2018 23:40:40.447 정보 [main] org.apache.catalina.startup.VersionLoggerListener.log Command line argument: -Xms128m
26-Aug-2018 23:40:40.447 정보 [main] org.apache.catalina.startup.VersionLoggerListener.log Command line argument: -Xmx256m
26-Aug-2018 23:40:40.448 정보 [main] org.apache.catalina.core.AprLifecycleListener.lifecycleEvent The APR based Apache Tomcat Native library which allows optimal performance in production environments was not found on the java.library.path: [E:\JSP\Tomcat 9.0\bin;C:\Windows\Sun\Java\bin;C:\Windows\system32;C:\Windows;C:\Program Files (x86)\Common Files\Oracle\Java\javapath;C:\Program Files (x86)\NVIDIA Corporation\PhysX\Common;C:\Program Files (x86)\Intel\iCLS Client\;C:\Program Files\Intel\iCLS Client\;C:\Windows\system32;C:\Windows;C:\Windows\System32\Wbem;C:\Windows\System32\WindowsPowerShell\v1.0\;C:\Program Files\Intel\Intel(R) Management Engine Components\DAL;C:\Program Files (x86)\Intel\Intel(R) Management Engine Components\DAL;C:\Program Files\Intel\Intel(R) Management Engine Components\IPT;C:\Program Files (x86)\Intel\Intel(R) Management Engine Components\IPT;c:\Program Files (x86)\Microsoft SQL Server\100\Tools\Binn\;c:\Program Files\Microsoft SQL Server\100\Tools\Binn\;c:\Program Files\Microsoft SQL Server\100\DTS\Binn\;;.]
26-Aug-2018 23:40:40.489 정보 [main] org.apache.coyote.AbstractProtocol.init Initializing ProtocolHandler ["http-nio-8080"]
26-Aug-2018 23:40:40.645 정보 [main] org.apache.tomcat.util.net.NioSelectorPool.getSharedSelector Using a shared selector for servlet write/read
26-Aug-2018 23:40:40.650 정보 [main] org.apache.coyote.AbstractProtocol.init Initializing ProtocolHandler ["ajp-nio-8009"]
26-Aug-2018 23:40:40.653 정보 [main] org.apache.tomcat.util.net.NioSelectorPool.getSharedSelector Using a shared selector for servlet write/read
26-Aug-2018 23:40:40.654 정보 [main] org.apache.catalina.startup.Catalina.load Initialization processed in 606 ms
26-Aug-2018 23:40:40.723 정보 [main] org.apache.catalina.core.StandardService.startInternal Starting service [Catalina]
26-Aug-2018 23:40:40.723 정보 [main] org.apache.catalina.core.StandardEngine.startInternal Starting Servlet Engine: Apache Tomcat/9.0.11
26-Aug-2018 23:40:40.792 정보 [main] org.apache.catalina.startup.HostConfig.deployDirectory Deploying web application directory [E:\JSP\Tomcat 9.0\webapps\docs]
26-Aug-2018 23:40:41.329 경고 [main] org.apache.catalina.util.SessionIdGeneratorBase.createSecureRandom Creation of SecureRandom instance for session ID generation using [SHA1PRNG] took [107] milliseconds.
26-Aug-2018 23:40:41.345 정보 [main] org.apache.catalina.startup.HostConfig.deployDirectory Deployment of web application directory [E:\JSP\Tomcat 9.0\webapps\docs] has finished in [552] ms
26-Aug-2018 23:40:41.345 정보 [main] org.apache.catalina.startup.HostConfig.deployDirectory Deploying web application directory [E:\JSP\Tomcat 9.0\webapps\manager]
26-Aug-2018 23:40:41.619 정보 [main] org.apache.catalina.startup.HostConfig.deployDirectory Deployment of web application directory [E:\JSP\Tomcat 9.0\webapps\manager] has finished in [274] ms
26-Aug-2018 23:40:41.620 정보 [main] org.apache.catalina.startup.HostConfig.deployDirectory Deploying web application directory [E:\JSP\Tomcat 9.0\webapps\ROOT]
26-Aug-2018 23:40:41.703 정보 [main] org.apache.catalina.startup.HostConfig.deployDirectory Deployment of web application directory [E:\JSP\Tomcat 9.0\webapps\ROOT] has finished in [83] ms
26-Aug-2018 23:40:41.705 정보 [main] org.apache.coyote.AbstractProtocol.start Starting ProtocolHandler ["http-nio-8080"]
26-Aug-2018 23:40:41.716 정보 [main] org.apache.coyote.AbstractProtocol.start Starting ProtocolHandler ["ajp-nio-8009"]
26-Aug-2018 23:40:41.721 정보 [main] org.apache.catalina.startup.Catalina.start Server startup in 1067 ms
26-Aug-2018 23:41:23.014 정보 [Thread-5] org.apache.coyote.AbstractProtocol.pause Pausing ProtocolHandler ["http-nio-8080"]
26-Aug-2018 23:41:23.320 정보 [Thread-5] org.apache.coyote.AbstractProtocol.pause Pausing ProtocolHandler ["ajp-nio-8009"]
26-Aug-2018 23:41:23.454 정보 [Thread-5] org.apache.catalina.core.StandardService.stopInternal Stopping service [Catalina]
26-Aug-2018 23:41:23.507 정보 [Thread-5] org.apache.coyote.AbstractProtocol.stop Stopping ProtocolHandler ["http-nio-8080"]
26-Aug-2018 23:41:23.511 정보 [Thread-5] org.apache.coyote.AbstractProtocol.stop Stopping ProtocolHandler ["ajp-nio-8009"]
